<?xml version="1.0" encoding="UTF-8"?>
<testsuite xmlns:xsi="http://www.w3.org/2001/XMLSchema-instance" xsi:noNamespaceSchemaLocation="https://maven.apache.org/surefire/maven-surefire-plugin/xsd/surefire-test-report-3.0.xsd" version="3.0" name="unitarias.JuegoTest$GenerarNuevoJuegoTests" time="0.011" tests="6" errors="0" skipped="0" failures="0">
  <properties>
[...]
</properties>
  <testcase name="targetDificilEnRango" classname="unitarias.JuegoTest$GenerarNuevoJuegoTests" time="0.0"/>
  <testcase name="generarVariasVeces" classname="unitarias.JuegoTest$GenerarNuevoJuegoTests" time="0.002"/>
  <testcase name="solucionSatisfaceTarget" classname="unitarias.JuegoTest$GenerarNuevoJuegoTests" time="0.0"/>
  <testcase name="targetEnLabels" classname="unitarias.JuegoTest$GenerarNuevoJuegoTests" time="0.0"/>
  <testcase name="solucionNoEsNull" classname="unitarias.JuegoTest$GenerarNuevoJuegoTests" time="0.001"/>
  <testcase name="targetNormalEnRango" classname="unitarias.JuegoTest$GenerarNuevoJuegoTests" time="0.0"/>
</testsuite>